2023-09-07 17:19:22,007 INFO werkzeug MainThread : [31m[1mWARNING: This is a development server. Do not use it in a production deployment. Use a production WSGI server instead.[0m
 * Running on all addresses (0.0.0.0)
 * Running on http://127.0.0.1:7777
 * Running on http://172.28.0.2:7777
2023-09-07 17:19:22,007 INFO werkzeug MainThread : [33mPress CTRL+C to quit[0m
2023-09-07 17:19:22,008 INFO werkzeug MainThread :  * Restarting with stat
2023-09-07 17:19:22,369 WARNING werkzeug MainThread :  * Debugger is active!
2023-09-07 17:19:22,372 INFO werkzeug MainThread :  * Debugger PIN: 194-151-894
2023-09-07 17:19:52,680 INFO werkzeug MainThread : [31m[1mWARNING: This is a development server. Do not use it in a production deployment. Use a production WSGI server instead.[0m
 * Running on all addresses (0.0.0.0)
 * Running on http://127.0.0.1:7777
 * Running on http://172.28.0.3:7777
2023-09-07 17:19:52,680 INFO werkzeug MainThread : [33mPress CTRL+C to quit[0m
2023-09-07 17:19:52,681 INFO werkzeug MainThread :  * Restarting with stat
2023-09-07 17:19:53,026 WARNING werkzeug MainThread :  * Debugger is active!
2023-09-07 17:19:53,027 INFO werkzeug MainThread :  * Debugger PIN: 131-577-699
2023-09-07 17:21:11,078 INFO werkzeug MainThread :  * Detected change in '/app/tests/conftest.py', reloading
2023-09-07 17:21:11,146 INFO werkzeug MainThread :  * Restarting with stat
2023-09-07 17:21:11,525 WARNING werkzeug MainThread :  * Debugger is active!
2023-09-07 17:21:11,525 INFO werkzeug MainThread :  * Debugger PIN: 131-577-699
2023-09-07 17:22:18,369 INFO werkzeug MainThread :  * Detected change in '/app/tests/conftest.py', reloading
2023-09-07 17:22:18,433 INFO werkzeug MainThread :  * Restarting with stat
2023-09-07 17:22:18,770 WARNING werkzeug MainThread :  * Debugger is active!
2023-09-07 17:22:18,771 INFO werkzeug MainThread :  * Debugger PIN: 131-577-699
2023-09-07 17:22:30,949 INFO werkzeug MainThread :  * Detected change in '/app/tests/conftest.py', reloading
2023-09-07 17:22:31,023 INFO werkzeug MainThread :  * Restarting with stat
2023-09-07 17:22:31,372 WARNING werkzeug MainThread :  * Debugger is active!
2023-09-07 17:22:31,372 INFO werkzeug MainThread :  * Debugger PIN: 131-577-699
2023-09-07 17:22:36,446 INFO werkzeug MainThread :  * Detected change in '/app/tests/conftest.py', reloading
2023-09-07 17:22:36,507 INFO werkzeug MainThread :  * Restarting with stat
2023-09-07 17:22:36,830 WARNING werkzeug MainThread :  * Debugger is active!
2023-09-07 17:22:36,830 INFO werkzeug MainThread :  * Debugger PIN: 131-577-699
2023-09-07 17:22:47,972 INFO werkzeug MainThread :  * Detected change in '/app/tests/conftest.py', reloading
2023-09-07 17:22:48,040 INFO werkzeug MainThread :  * Restarting with stat
2023-09-07 17:22:48,386 WARNING werkzeug MainThread :  * Debugger is active!
2023-09-07 17:22:48,387 INFO werkzeug MainThread :  * Debugger PIN: 131-577-699
2023-09-07 17:24:08,484 INFO werkzeug MainThread :  * Detected change in '/app/tests/conftest.py', reloading
2023-09-07 17:24:08,552 INFO werkzeug MainThread :  * Restarting with stat
2023-09-07 17:24:08,963 WARNING werkzeug MainThread :  * Debugger is active!
2023-09-07 17:24:08,964 INFO werkzeug MainThread :  * Debugger PIN: 131-577-699
2023-09-07 17:24:32,315 INFO werkzeug MainThread :  * Detected change in '/app/tests/conftest.py', reloading
2023-09-07 17:24:32,375 INFO werkzeug MainThread :  * Restarting with stat
2023-09-07 17:24:32,772 WARNING werkzeug MainThread :  * Debugger is active!
2023-09-07 17:24:32,772 INFO werkzeug MainThread :  * Debugger PIN: 131-577-699
2023-09-07 17:24:40,889 INFO werkzeug MainThread :  * Detected change in '/app/tests/conftest.py', reloading
2023-09-07 17:24:40,952 INFO werkzeug MainThread :  * Restarting with stat
2023-09-07 17:24:41,312 WARNING werkzeug MainThread :  * Debugger is active!
2023-09-07 17:24:41,312 INFO werkzeug MainThread :  * Debugger PIN: 131-577-699
2023-09-07 17:24:54,495 INFO werkzeug MainThread :  * Detected change in '/app/tests/conftest.py', reloading
2023-09-07 17:24:54,561 INFO werkzeug MainThread :  * Restarting with stat
2023-09-07 17:24:54,900 WARNING werkzeug MainThread :  * Debugger is active!
2023-09-07 17:24:54,901 INFO werkzeug MainThread :  * Debugger PIN: 131-577-699
2023-09-08 16:38:47,314 INFO werkzeug MainThread : [31m[1mWARNING: This is a development server. Do not use it in a production deployment. Use a production WSGI server instead.[0m
 * Running on all addresses (0.0.0.0)
 * Running on http://127.0.0.1:7777
 * Running on http://172.18.0.2:7777
2023-09-08 16:38:47,314 INFO werkzeug MainThread : [33mPress CTRL+C to quit[0m
2023-09-08 16:38:47,316 INFO werkzeug MainThread :  * Restarting with stat
2023-09-08 16:38:47,745 WARNING werkzeug MainThread :  * Debugger is active!
2023-09-08 16:38:47,746 INFO werkzeug MainThread :  * Debugger PIN: 172-000-763
2023-09-08 16:38:58,087 INFO werkzeug MainThread : [31m[1mWARNING: This is a development server. Do not use it in a production deployment. Use a production WSGI server instead.[0m
 * Running on all addresses (0.0.0.0)
 * Running on http://127.0.0.1:7777
 * Running on http://172.18.0.2:7777
2023-09-08 16:38:58,087 INFO werkzeug MainThread : [33mPress CTRL+C to quit[0m
2023-09-08 16:38:58,088 INFO werkzeug MainThread :  * Restarting with stat
2023-09-08 16:38:58,430 WARNING werkzeug MainThread :  * Debugger is active!
2023-09-08 16:38:58,431 INFO werkzeug MainThread :  * Debugger PIN: 172-000-763
2023-09-08 16:47:22,928 INFO werkzeug MainThread :  * Detected change in '/app/tests/conftest.py', reloading
2023-09-08 16:47:22,985 INFO werkzeug MainThread :  * Restarting with stat
2023-09-08 16:47:23,460 WARNING werkzeug MainThread :  * Debugger is active!
2023-09-08 16:47:23,460 INFO werkzeug MainThread :  * Debugger PIN: 172-000-763
2023-09-08 16:51:57,278 INFO werkzeug MainThread :  * Detected change in '/app/tests/conftest.py', reloading
2023-09-08 16:51:57,345 INFO werkzeug MainThread :  * Restarting with stat
2023-09-08 16:51:57,700 WARNING werkzeug MainThread :  * Debugger is active!
2023-09-08 16:51:57,701 INFO werkzeug MainThread :  * Debugger PIN: 172-000-763
2023-09-08 17:02:58,130 INFO werkzeug MainThread :  * Detected change in '/app/tests/unit/test_user.py', reloading
2023-09-08 17:02:58,187 INFO werkzeug MainThread :  * Restarting with stat
2023-09-08 17:02:58,531 WARNING werkzeug MainThread :  * Debugger is active!
2023-09-08 17:02:58,531 INFO werkzeug MainThread :  * Debugger PIN: 172-000-763
2023-09-08 17:04:05,039 INFO werkzeug MainThread :  * Detected change in '/app/tests/unit/test_user.py', reloading
2023-09-08 17:04:05,112 INFO werkzeug MainThread :  * Restarting with stat
2023-09-08 17:04:05,690 WARNING werkzeug MainThread :  * Debugger is active!
2023-09-08 17:04:05,690 INFO werkzeug MainThread :  * Debugger PIN: 172-000-763
2023-09-08 17:04:08,710 INFO werkzeug MainThread :  * Detected change in '/app/tests/unit/test_user.py', reloading
2023-09-08 17:04:08,795 INFO werkzeug MainThread :  * Restarting with stat
2023-09-08 17:04:09,236 WARNING werkzeug MainThread :  * Debugger is active!
2023-09-08 17:04:09,236 INFO werkzeug MainThread :  * Debugger PIN: 172-000-763
2023-09-08 18:18:33,001 INFO werkzeug MainThread : [31m[1mWARNING: This is a development server. Do not use it in a production deployment. Use a production WSGI server instead.[0m
 * Running on all addresses (0.0.0.0)
 * Running on http://127.0.0.1:7777
 * Running on http://172.18.0.2:7777
2023-09-08 18:18:33,001 INFO werkzeug MainThread : [33mPress CTRL+C to quit[0m
2023-09-08 18:18:33,002 INFO werkzeug MainThread :  * Restarting with stat
2023-09-08 18:18:33,495 WARNING werkzeug MainThread :  * Debugger is active!
2023-09-08 18:18:33,524 INFO werkzeug MainThread :  * Debugger PIN: 194-920-631
2023-09-08 18:44:48,645 INFO werkzeug MainThread : [31m[1mWARNING: This is a development server. Do not use it in a production deployment. Use a production WSGI server instead.[0m
 * Running on all addresses (0.0.0.0)
 * Running on http://127.0.0.1:7777
 * Running on http://172.18.0.2:7777
2023-09-08 18:44:48,645 INFO werkzeug MainThread : [33mPress CTRL+C to quit[0m
2023-09-08 18:44:48,646 INFO werkzeug MainThread :  * Restarting with stat
2023-09-08 18:44:49,025 WARNING werkzeug MainThread :  * Debugger is active!
2023-09-08 18:44:49,025 INFO werkzeug MainThread :  * Debugger PIN: 194-920-631
